[STREAM]
index=0
codec_name=h264
codec_long_name=H.264 / AVC / MPEG-4 AVC / MPEG-4 part 10
profile=unknown
codec_type=video
codec_tag_string=[27][0][0][0]
codec_tag=0x001b
width=0
height=0
coded_width=0
coded_height=0
closed_captions=0
film_grain=0
has_b_frames=0
sample_aspect_ratio=N/A
display_aspect_ratio=N/A
pix_fmt=unknown
level=-99
color_range=unknown
color_space=unknown
color_transfer=unknown
color_primaries=unknown
chroma_location=unspecified
field_order=unknown
refs=1
is_avc=false
nal_length_size=0
ts_packetsize=188
id=0x100
r_frame_rate=90000/1
avg_frame_rate=0/0
time_base=1/90000
start_pts=126000
start_time=1.400000
duration_ts=896640
duration=9.962667
bit_rate=N/A
max_bit_rate=N/A
bits_per_raw_sample=N/A
nb_frames=N/A
nb_read_frames=N/A
nb_read_packets=N/A
DISPOSITION:default=0
DISPOSITION:dub=0
DISPOSITION:original=0
DISPOSITION:comment=0
DISPOSITION:lyrics=0
DISPOSITION:karaoke=0
DISPOSITION:forced=0
DISPOSITION:hearing_impaired=0
DISPOSITION:visual_impaired=0
DISPOSITION:clean_effects=0
DISPOSITION:attached_pic=0
DISPOSITION:timed_thumbnails=0
DISPOSITION:non_diegetic=0
DISPOSITION:captions=0
DISPOSITION:descriptions=0
DISPOSITION:metadata=0
DISPOSITION:dependent=0
DISPOSITION:still_image=0
[/STREAM]
[STREAM]
index=1
codec_name=aac
codec_long_name=AAC (Advanced Audio Coding)
profile=LC
codec_type=audio
codec_tag_string=[15][0][0][0]
codec_tag=0x000f
sample_fmt=fltp
sample_rate=48000
channels=2
channel_layout=stereo
bits_per_sample=0
initial_padding=0
ts_packetsize=188
id=0x101
r_frame_rate=0/0
avg_frame_rate=0/0
time_base=1/90000
start_pts=126000
start_time=1.400000
duration_ts=896640
duration=9.962667
bit_rate=162669
max_bit_rate=N/A
bits_per_raw_sample=N/A
nb_frames=N/A
nb_read_frames=N/A
nb_read_packets=N/A
DISPOSITION:default=0
DISPOSITION:dub=0
DISPOSITION:original=0
DISPOSITION:comment=0
DISPOSITION:lyrics=0
DISPOSITION:karaoke=0
DISPOSITION:forced=0
DISPOSITION:hearing_impaired=0
DISPOSITION:visual_impaired=0
DISPOSITION:clean_effects=0
DISPOSITION:attached_pic=0
DISPOSITION:timed_thumbnails=0
DISPOSITION:non_diegetic=0
DISPOSITION:captions=0
DISPOSITION:descriptions=0
DISPOSITION:metadata=0
DISPOSITION:dependent=0
DISPOSITION:still_image=0
[/STREAM]
[FORMAT]
filename=sample18.ts
nb_streams=2
nb_programs=1
format_name=mpegts
format_long_name=MPEG-TS (MPEG-2 Transport Stream)
start_time=1.400000
duration=9.962667
size=788848
bit_rate=633443
probe_score=50
[/FORMAT]
